<?xml version="1.0" encoding="UTF-8"?>
<testng-results ignored="0" total="1" passed="1" failed="0" skipped="0">
  <reporter-output>
  </reporter-output>
  <suite started-at="2024-06-02T01:38:00 IST" name="Default suite" finished-at="2024-06-02T01:38:04 IST" duration-ms="3818">
    <groups>
    </groups>
    <test started-at="2024-06-02T01:38:00 IST" name="Default test" finished-at="2024-06-02T01:38:04 IST" duration-ms="3818">
      <class name="DemoOrangeHRMPrograms.OHRMLoginTestNG">
        <test-method is-config="true" signature="Browseropen()[pri:0, instance:DemoOrangeHRMPrograms.OHRMLoginTestNG@35d08e6c]" started-at="2024-06-02T01:37:49 IST" name="Browseropen" finished-at="2024-06-02T01:38:00 IST" duration-ms="11085" status="PASS">
          <reporter-output>
          </reporter-output>
        </test-method> <!-- Browseropen -->
        <test-method signature="cartItem()[pri:0, instance:DemoOrangeHRMPrograms.OHRMLoginTestNG@35d08e6c]" started-at="2024-06-02T01:38:00 IST" name="cartItem" finished-at="2024-06-02T01:38:04 IST" duration-ms="3402" status="PASS">
          <reporter-output>
          </reporter-output>
        </test-method> <!-- cartItem -->
        <test-method is-config="true" signature="Closebrowser()[pri:0, instance:DemoOrangeHRMPrograms.OHRMLoginTestNG@35d08e6c]" started-at="2024-06-02T01:38:04 IST" name="Closebrowser" finished-at="2024-06-02T01:38:04 IST" duration-ms="3" status="PASS">
          <reporter-output>
          </reporter-output>
        </test-method> <!-- Closebrowser -->
      </class> <!-- DemoOrangeHRMPrograms.OHRMLoginTestNG -->
    </test> <!-- Default test -->
  </suite> <!-- Default suite -->
</testng-results>
